06-Dec-2023 12:17:08.173 INFO [main] org.apache.catalina.core.ApplicationContext.log ContextListener: contextInitialized()
06-Dec-2023 12:17:08.174 INFO [main] org.apache.catalina.core.ApplicationContext.log SessionListener: contextInitialized()
06-Dec-2023 12:17:08.179 INFO [main] org.apache.catalina.core.ApplicationContext.log ContextListener: attributeAdded('StockTicker', 'async.Stockticker@f27ea3')
06-Dec-2023 12:17:12.881 INFO [main] org.apache.catalina.core.ApplicationContext.log SessionListener: contextDestroyed()
06-Dec-2023 12:17:12.881 INFO [main] org.apache.catalina.core.ApplicationContext.log ContextListener: contextDestroyed()
06-Dec-2023 12:17:21.189 INFO [main] org.apache.catalina.core.ApplicationContext.log ContextListener: contextInitialized()
06-Dec-2023 12:17:21.189 INFO [main] org.apache.catalina.core.ApplicationContext.log SessionListener: contextInitialized()
06-Dec-2023 12:17:21.194 INFO [main] org.apache.catalina.core.ApplicationContext.log ContextListener: attributeAdded('StockTicker', 'async.Stockticker@4052274f')
06-Dec-2023 12:17:56.722 INFO [main] org.apache.catalina.core.ApplicationContext.log SessionListener: contextDestroyed()
06-Dec-2023 12:17:56.722 INFO [main] org.apache.catalina.core.ApplicationContext.log ContextListener: contextDestroyed()
06-Dec-2023 12:18:01.706 INFO [main] org.apache.catalina.core.ApplicationContext.log ContextListener: contextInitialized()
06-Dec-2023 12:18:01.706 INFO [main] org.apache.catalina.core.ApplicationContext.log SessionListener: contextInitialized()
06-Dec-2023 12:18:01.710 INFO [main] org.apache.catalina.core.ApplicationContext.log ContextListener: attributeAdded('StockTicker', 'async.Stockticker@4052274f')
06-Dec-2023 12:18:56.973 INFO [main] org.apache.catalina.core.ApplicationContext.log SessionListener: contextDestroyed()
06-Dec-2023 12:18:56.973 INFO [main] org.apache.catalina.core.ApplicationContext.log ContextListener: contextDestroyed()
06-Dec-2023 12:19:35.418 INFO [main] org.apache.catalina.core.ApplicationContext.log ContextListener: contextInitialized()
06-Dec-2023 12:19:35.418 INFO [main] org.apache.catalina.core.ApplicationContext.log SessionListener: contextInitialized()
06-Dec-2023 12:19:35.421 INFO [main] org.apache.catalina.core.ApplicationContext.log ContextListener: attributeAdded('StockTicker', 'async.Stockticker@4052274f')
06-Dec-2023 12:31:48.351 SEVERE [http-nio-8080-exec-2] org.apache.catalina.core.ApplicationDispatcher.invoke Servlet.service() for servlet [jsp] threw exception
	org.apache.jasper.JasperException: Unable to compile class for JSP: 

An error occurred at line: [10] in the jsp file: [/home.jsp]
user cannot be resolved
7:     <title>Homepage</title>
8: </head>
9: <body>
10:     <h1>Welcome, <%= user.getName() %>!</h1>
11: 
12:     <h2>Past Results</h2>
13:     <ul>


An error occurred at line: [15] in the jsp file: [/home.jsp]
Result cannot be resolved to a type
12:     <h2>Past Results</h2>
13:     <ul>
14:         <% 
15:             List<Result> results = (List<Result>) request.getAttribute("results");
16:             for (ResultDTO result : results) {
17:                 out.println("<li>" + result.getQuizName() + " - Score: " + result.getScore() + "</li>");
18:             }


An error occurred at line: [15] in the jsp file: [/home.jsp]
Result cannot be resolved to a type
12:     <h2>Past Results</h2>
13:     <ul>
14:         <% 
15:             List<Result> results = (List<Result>) request.getAttribute("results");
16:             for (ResultDTO result : results) {
17:                 out.println("<li>" + result.getQuizName() + " - Score: " + result.getScore() + "</li>");
18:             }


An error occurred at line: [17] in the jsp file: [/home.jsp]
The method getQuizName() is undefined for the type ResultDTO
14:         <% 
15:             List<Result> results = (List<Result>) request.getAttribute("results");
16:             for (ResultDTO result : results) {
17:                 out.println("<li>" + result.getQuizName() + " - Score: " + result.getScore() + "</li>");
18:             }
19:         %>
20:     </ul>


An error occurred at line: [25] in the jsp file: [/home.jsp]
Quiz cannot be resolved to a type
22:     <h2>Available Quizzes</h2>
23:     <ul>
24:         <% 
25:             List<Quiz> quizzes = (List<Quiz>) request.getAttribute("quizzes");
26:             for (QuizDTO quiz : quizzes) {
27:                 out.println("<li><a href='quiz?id=" + quiz.getId() + "'>" + quiz.getName() + "</a></li>");
28:             }


An error occurred at line: [25] in the jsp file: [/home.jsp]
Quiz cannot be resolved to a type
22:     <h2>Available Quizzes</h2>
23:     <ul>
24:         <% 
25:             List<Quiz> quizzes = (List<Quiz>) request.getAttribute("quizzes");
26:             for (QuizDTO quiz : quizzes) {
27:                 out.println("<li><a href='quiz?id=" + quiz.getId() + "'>" + quiz.getName() + "</a></li>");
28:             }


An error occurred at line: [27] in the jsp file: [/home.jsp]
The method getName() is undefined for the type QuizDTO
24:         <% 
25:             List<Quiz> quizzes = (List<Quiz>) request.getAttribute("quizzes");
26:             for (QuizDTO quiz : quizzes) {
27:                 out.println("<li><a href='quiz?id=" + quiz.getId() + "'>" + quiz.getName() + "</a></li>");
28:             }
29:         %>
30:     </ul>


Stacktrace:
		at org.apache.jasper.compiler.DefaultErrorHandler.javacError(DefaultErrorHandler.java:102)
		at org.apache.jasper.compiler.ErrorDispatcher.javacError(ErrorDispatcher.java:213)
		at org.apache.jasper.compiler.JDTCompiler.generateClass(JDTCompiler.java:520)
		at org.apache.jasper.compiler.Compiler.compile(Compiler.java:397)
		at org.apache.jasper.compiler.Compiler.compile(Compiler.java:367)
		at org.apache.jasper.compiler.Compiler.compile(Compiler.java:351)
		at org.apache.jasper.JspCompilationContext.compile(JspCompilationContext.java:605)
		at org.apache.jasper.servlet.JspServletWrapper.service(JspServletWrapper.java:399)
		at org.apache.jasper.servlet.JspServlet.serviceJspFile(JspServlet.java:379)
		at org.apache.jasper.servlet.JspServlet.service(JspServlet.java:327)
		at javax.servlet.http.HttpServlet.service(HttpServlet.java:779)
		at org.apache.catalina.core.ApplicationFilterChain.internalDoFilter(ApplicationFilterChain.java:227)
		at org.apache.catalina.core.ApplicationFilterChain.doFilter(ApplicationFilterChain.java:162)
		at org.apache.tomcat.websocket.server.WsFilter.doFilter(WsFilter.java:53)
		at org.apache.catalina.core.ApplicationFilterChain.internalDoFilter(ApplicationFilterChain.java:189)
		at org.apache.catalina.core.ApplicationFilterChain.doFilter(ApplicationFilterChain.java:162)
		at org.apache.catalina.core.ApplicationDispatcher.invoke(ApplicationDispatcher.java:711)
		at org.apache.catalina.core.ApplicationDispatcher.processRequest(ApplicationDispatcher.java:459)
		at org.apache.catalina.core.ApplicationDispatcher.doForward(ApplicationDispatcher.java:385)
		at org.apache.catalina.core.ApplicationDispatcher.forward(ApplicationDispatcher.java:313)
		at quiz.controller.HomeServlet.doGet(HomeServlet.java:31)
		at javax.servlet.http.HttpServlet.service(HttpServlet.java:670)
		at javax.servlet.http.HttpServlet.service(HttpServlet.java:779)
		at org.apache.catalina.core.ApplicationFilterChain.internalDoFilter(ApplicationFilterChain.java:227)
		at org.apache.catalina.core.ApplicationFilterChain.doFilter(ApplicationFilterChain.java:162)
		at org.apache.tomcat.websocket.server.WsFilter.doFilter(WsFilter.java:53)
		at org.apache.catalina.core.ApplicationFilterChain.internalDoFilter(ApplicationFilterChain.java:189)
		at org.apache.catalina.core.ApplicationFilterChain.doFilter(ApplicationFilterChain.java:162)
		at org.apache.catalina.core.StandardWrapperValve.invoke(StandardWrapperValve.java:177)
		at org.apache.catalina.core.StandardContextValve.invoke(StandardContextValve.java:97)
		at org.apache.catalina.authenticator.AuthenticatorBase.invoke(AuthenticatorBase.java:541)
		at org.apache.catalina.core.StandardHostValve.invoke(StandardHostValve.java:135)
		at org.apache.catalina.valves.ErrorReportValve.invoke(ErrorReportValve.java:92)
		at org.apache.catalina.valves.AbstractAccessLogValve.invoke(AbstractAccessLogValve.java:687)
		at org.apache.catalina.core.StandardEngineValve.invoke(StandardEngineValve.java:78)
		at org.apache.catalina.connector.CoyoteAdapter.service(CoyoteAdapter.java:360)
		at org.apache.coyote.http11.Http11Processor.service(Http11Processor.java:399)
		at org.apache.coyote.AbstractProcessorLight.process(AbstractProcessorLight.java:65)
		at org.apache.coyote.AbstractProtocol$ConnectionHandler.process(AbstractProtocol.java:891)
		at org.apache.tomcat.util.net.NioEndpoint$SocketProcessor.doRun(NioEndpoint.java:1784)
		at org.apache.tomcat.util.net.SocketProcessorBase.run(SocketProcessorBase.java:49)
		at org.apache.tomcat.util.threads.ThreadPoolExecutor.runWorker(ThreadPoolExecutor.java:1191)
		at org.apache.tomcat.util.threads.ThreadPoolExecutor$Worker.run(ThreadPoolExecutor.java:659)
		at org.apache.tomcat.util.threads.TaskThread$WrappingRunnable.run(TaskThread.java:61)
		at java.base/java.lang.Thread.run(Thread.java:832)
06-Dec-2023 12:31:48.351 SEVERE [http-nio-8080-exec-2] org.apache.catalina.core.StandardWrapperValve.invoke Servlet.service() for servlet [quiz.controller.HomeServlet] in context with path [/quiz] threw exception [Unable to compile class for JSP: 

An error occurred at line: [10] in the jsp file: [/home.jsp]
user cannot be resolved
7:     <title>Homepage</title>
8: </head>
9: <body>
10:     <h1>Welcome, <%= user.getName() %>!</h1>
11: 
12:     <h2>Past Results</h2>
13:     <ul>


An error occurred at line: [15] in the jsp file: [/home.jsp]
Result cannot be resolved to a type
12:     <h2>Past Results</h2>
13:     <ul>
14:         <% 
15:             List<Result> results = (List<Result>) request.getAttribute("results");
16:             for (ResultDTO result : results) {
17:                 out.println("<li>" + result.getQuizName() + " - Score: " + result.getScore() + "</li>");
18:             }


An error occurred at line: [15] in the jsp file: [/home.jsp]
Result cannot be resolved to a type
12:     <h2>Past Results</h2>
13:     <ul>
14:         <% 
15:             List<Result> results = (List<Result>) request.getAttribute("results");
16:             for (ResultDTO result : results) {
17:                 out.println("<li>" + result.getQuizName() + " - Score: " + result.getScore() + "</li>");
18:             }


An error occurred at line: [17] in the jsp file: [/home.jsp]
The method getQuizName() is undefined for the type ResultDTO
14:         <% 
15:             List<Result> results = (List<Result>) request.getAttribute("results");
16:             for (ResultDTO result : results) {
17:                 out.println("<li>" + result.getQuizName() + " - Score: " + result.getScore() + "</li>");
18:             }
19:         %>
20:     </ul>


An error occurred at line: [25] in the jsp file: [/home.jsp]
Quiz cannot be resolved to a type
22:     <h2>Available Quizzes</h2>
23:     <ul>
24:         <% 
25:             List<Quiz> quizzes = (List<Quiz>) request.getAttribute("quizzes");
26:             for (QuizDTO quiz : quizzes) {
27:                 out.println("<li><a href='quiz?id=" + quiz.getId() + "'>" + quiz.getName() + "</a></li>");
28:             }


An error occurred at line: [25] in the jsp file: [/home.jsp]
Quiz cannot be resolved to a type
22:     <h2>Available Quizzes</h2>
23:     <ul>
24:         <% 
25:             List<Quiz> quizzes = (List<Quiz>) request.getAttribute("quizzes");
26:             for (QuizDTO quiz : quizzes) {
27:                 out.println("<li><a href='quiz?id=" + quiz.getId() + "'>" + quiz.getName() + "</a></li>");
28:             }


An error occurred at line: [27] in the jsp file: [/home.jsp]
The method getName() is undefined for the type QuizDTO
24:         <% 
25:             List<Quiz> quizzes = (List<Quiz>) request.getAttribute("quizzes");
26:             for (QuizDTO quiz : quizzes) {
27:                 out.println("<li><a href='quiz?id=" + quiz.getId() + "'>" + quiz.getName() + "</a></li>");
28:             }
29:         %>
30:     </ul>


Stacktrace:] with root cause
	org.apache.jasper.JasperException: Unable to compile class for JSP: 

An error occurred at line: [10] in the jsp file: [/home.jsp]
user cannot be resolved
7:     <title>Homepage</title>
8: </head>
9: <body>
10:     <h1>Welcome, <%= user.getName() %>!</h1>
11: 
12:     <h2>Past Results</h2>
13:     <ul>


An error occurred at line: [15] in the jsp file: [/home.jsp]
Result cannot be resolved to a type
12:     <h2>Past Results</h2>
13:     <ul>
14:         <% 
15:             List<Result> results = (List<Result>) request.getAttribute("results");
16:             for (ResultDTO result : results) {
17:                 out.println("<li>" + result.getQuizName() + " - Score: " + result.getScore() + "</li>");
18:             }


An error occurred at line: [15] in the jsp file: [/home.jsp]
Result cannot be resolved to a type
12:     <h2>Past Results</h2>
13:     <ul>
14:         <% 
15:             List<Result> results = (List<Result>) request.getAttribute("results");
16:             for (ResultDTO result : results) {
17:                 out.println("<li>" + result.getQuizName() + " - Score: " + result.getScore() + "</li>");
18:             }


An error occurred at line: [17] in the jsp file: [/home.jsp]
The method getQuizName() is undefined for the type ResultDTO
14:         <% 
15:             List<Result> results = (List<Result>) request.getAttribute("results");
16:             for (ResultDTO result : results) {
17:                 out.println("<li>" + result.getQuizName() + " - Score: " + result.getScore() + "</li>");
18:             }
19:         %>
20:     </ul>


An error occurred at line: [25] in the jsp file: [/home.jsp]
Quiz cannot be resolved to a type
22:     <h2>Available Quizzes</h2>
23:     <ul>
24:         <% 
25:             List<Quiz> quizzes = (List<Quiz>) request.getAttribute("quizzes");
26:             for (QuizDTO quiz : quizzes) {
27:                 out.println("<li><a href='quiz?id=" + quiz.getId() + "'>" + quiz.getName() + "</a></li>");
28:             }


An error occurred at line: [25] in the jsp file: [/home.jsp]
Quiz cannot be resolved to a type
22:     <h2>Available Quizzes</h2>
23:     <ul>
24:         <% 
25:             List<Quiz> quizzes = (List<Quiz>) request.getAttribute("quizzes");
26:             for (QuizDTO quiz : quizzes) {
27:                 out.println("<li><a href='quiz?id=" + quiz.getId() + "'>" + quiz.getName() + "</a></li>");
28:             }


An error occurred at line: [27] in the jsp file: [/home.jsp]
The method getName() is undefined for the type QuizDTO
24:         <% 
25:             List<Quiz> quizzes = (List<Quiz>) request.getAttribute("quizzes");
26:             for (QuizDTO quiz : quizzes) {
27:                 out.println("<li><a href='quiz?id=" + quiz.getId() + "'>" + quiz.getName() + "</a></li>");
28:             }
29:         %>
30:     </ul>


Stacktrace:
		at org.apache.jasper.compiler.DefaultErrorHandler.javacError(DefaultErrorHandler.java:102)
		at org.apache.jasper.compiler.ErrorDispatcher.javacError(ErrorDispatcher.java:213)
		at org.apache.jasper.compiler.JDTCompiler.generateClass(JDTCompiler.java:520)
		at org.apache.jasper.compiler.Compiler.compile(Compiler.java:397)
		at org.apache.jasper.compiler.Compiler.compile(Compiler.java:367)
		at org.apache.jasper.compiler.Compiler.compile(Compiler.java:351)
		at org.apache.jasper.JspCompilationContext.compile(JspCompilationContext.java:605)
		at org.apache.jasper.servlet.JspServletWrapper.service(JspServletWrapper.java:399)
		at org.apache.jasper.servlet.JspServlet.serviceJspFile(JspServlet.java:379)
		at org.apache.jasper.servlet.JspServlet.service(JspServlet.java:327)
		at javax.servlet.http.HttpServlet.service(HttpServlet.java:779)
		at org.apache.catalina.core.ApplicationFilterChain.internalDoFilter(ApplicationFilterChain.java:227)
		at org.apache.catalina.core.ApplicationFilterChain.doFilter(ApplicationFilterChain.java:162)
		at org.apache.tomcat.websocket.server.WsFilter.doFilter(WsFilter.java:53)
		at org.apache.catalina.core.ApplicationFilterChain.internalDoFilter(ApplicationFilterChain.java:189)
		at org.apache.catalina.core.ApplicationFilterChain.doFilter(ApplicationFilterChain.java:162)
		at org.apache.catalina.core.ApplicationDispatcher.invoke(ApplicationDispatcher.java:711)
		at org.apache.catalina.core.ApplicationDispatcher.processRequest(ApplicationDispatcher.java:459)
		at org.apache.catalina.core.ApplicationDispatcher.doForward(ApplicationDispatcher.java:385)
		at org.apache.catalina.core.ApplicationDispatcher.forward(ApplicationDispatcher.java:313)
		at quiz.controller.HomeServlet.doGet(HomeServlet.java:31)
		at javax.servlet.http.HttpServlet.service(HttpServlet.java:670)
		at javax.servlet.http.HttpServlet.service(HttpServlet.java:779)
		at org.apache.catalina.core.ApplicationFilterChain.internalDoFilter(ApplicationFilterChain.java:227)
		at org.apache.catalina.core.ApplicationFilterChain.doFilter(ApplicationFilterChain.java:162)
		at org.apache.tomcat.websocket.server.WsFilter.doFilter(WsFilter.java:53)
		at org.apache.catalina.core.ApplicationFilterChain.internalDoFilter(ApplicationFilterChain.java:189)
		at org.apache.catalina.core.ApplicationFilterChain.doFilter(ApplicationFilterChain.java:162)
		at org.apache.catalina.core.StandardWrapperValve.invoke(StandardWrapperValve.java:177)
		at org.apache.catalina.core.StandardContextValve.invoke(StandardContextValve.java:97)
		at org.apache.catalina.authenticator.AuthenticatorBase.invoke(AuthenticatorBase.java:541)
		at org.apache.catalina.core.StandardHostValve.invoke(StandardHostValve.java:135)
		at org.apache.catalina.valves.ErrorReportValve.invoke(ErrorReportValve.java:92)
		at org.apache.catalina.valves.AbstractAccessLogValve.invoke(AbstractAccessLogValve.java:687)
		at org.apache.catalina.core.StandardEngineValve.invoke(StandardEngineValve.java:78)
		at org.apache.catalina.connector.CoyoteAdapter.service(CoyoteAdapter.java:360)
		at org.apache.coyote.http11.Http11Processor.service(Http11Processor.java:399)
		at org.apache.coyote.AbstractProcessorLight.process(AbstractProcessorLight.java:65)
		at org.apache.coyote.AbstractProtocol$ConnectionHandler.process(AbstractProtocol.java:891)
		at org.apache.tomcat.util.net.NioEndpoint$SocketProcessor.doRun(NioEndpoint.java:1784)
		at org.apache.tomcat.util.net.SocketProcessorBase.run(SocketProcessorBase.java:49)
		at org.apache.tomcat.util.threads.ThreadPoolExecutor.runWorker(ThreadPoolExecutor.java:1191)
		at org.apache.tomcat.util.threads.ThreadPoolExecutor$Worker.run(ThreadPoolExecutor.java:659)
		at org.apache.tomcat.util.threads.TaskThread$WrappingRunnable.run(TaskThread.java:61)
		at java.base/java.lang.Thread.run(Thread.java:832)
06-Dec-2023 12:34:47.814 INFO [main] org.apache.catalina.core.ApplicationContext.log SessionListener: contextDestroyed()
06-Dec-2023 12:34:47.814 INFO [main] org.apache.catalina.core.ApplicationContext.log ContextListener: contextDestroyed()
06-Dec-2023 12:34:53.201 INFO [main] org.apache.catalina.core.ApplicationContext.log ContextListener: contextInitialized()
06-Dec-2023 12:34:53.201 INFO [main] org.apache.catalina.core.ApplicationContext.log SessionListener: contextInitialized()
06-Dec-2023 12:34:53.204 INFO [main] org.apache.catalina.core.ApplicationContext.log ContextListener: attributeAdded('StockTicker', 'async.Stockticker@4052274f')
06-Dec-2023 12:35:05.185 SEVERE [http-nio-8080-exec-8] org.apache.catalina.core.ApplicationDispatcher.invoke Servlet.service() for servlet [jsp] threw exception
	org.apache.jasper.JasperException: Unable to compile class for JSP: 

An error occurred at line: [11] in the jsp file: [/home.jsp]
Type mismatch: cannot convert from Object to UserDTO
8:     <title>Homepage</title>
9: </head>
10: <body>
11:     <% UserDTO user = session.getAttribute("user"); %>
12:     <h1>Welcome, <%= user.getName() %>!</h1>
13: 
14:     <h2>Past Results</h2>


An error occurred at line: [12] in the jsp file: [/home.jsp]
The method getName() is undefined for the type UserDTO
9: </head>
10: <body>
11:     <% UserDTO user = session.getAttribute("user"); %>
12:     <h1>Welcome, <%= user.getName() %>!</h1>
13: 
14:     <h2>Past Results</h2>
15:     <ul>


An error occurred at line: [17] in the jsp file: [/home.jsp]
Result cannot be resolved to a type
14:     <h2>Past Results</h2>
15:     <ul>
16:         <% 
17:             List<Result> results = (List<Result>) request.getAttribute("results");
18:             for (ResultDTO result : results) {
19:                 out.println("<li>" + result.getQuizName() + " - Score: " + result.getScore() + "</li>");
20:             }


An error occurred at line: [17] in the jsp file: [/home.jsp]
Result cannot be resolved to a type
14:     <h2>Past Results</h2>
15:     <ul>
16:         <% 
17:             List<Result> results = (List<Result>) request.getAttribute("results");
18:             for (ResultDTO result : results) {
19:                 out.println("<li>" + result.getQuizName() + " - Score: " + result.getScore() + "</li>");
20:             }


An error occurred at line: [19] in the jsp file: [/home.jsp]
The method getQuizName() is undefined for the type ResultDTO
16:         <% 
17:             List<Result> results = (List<Result>) request.getAttribute("results");
18:             for (ResultDTO result : results) {
19:                 out.println("<li>" + result.getQuizName() + " - Score: " + result.getScore() + "</li>");
20:             }
21:         %>
22:     </ul>


An error occurred at line: [27] in the jsp file: [/home.jsp]
Quiz cannot be resolved to a type
24:     <h2>Available Quizzes</h2>
25:     <ul>
26:         <% 
27:             List<Quiz> quizzes = (List<Quiz>) request.getAttribute("quizzes");
28:             for (QuizDTO quiz : quizzes) {
29:                 out.println("<li><a href='quiz?id=" + quiz.getId() + "'>" + quiz.getName() + "</a></li>");
30:             }


An error occurred at line: [27] in the jsp file: [/home.jsp]
Quiz cannot be resolved to a type
24:     <h2>Available Quizzes</h2>
25:     <ul>
26:         <% 
27:             List<Quiz> quizzes = (List<Quiz>) request.getAttribute("quizzes");
28:             for (QuizDTO quiz : quizzes) {
29:                 out.println("<li><a href='quiz?id=" + quiz.getId() + "'>" + quiz.getName() + "</a></li>");
30:             }


An error occurred at line: [29] in the jsp file: [/home.jsp]
The method getName() is undefined for the type QuizDTO
26:         <% 
27:             List<Quiz> quizzes = (List<Quiz>) request.getAttribute("quizzes");
28:             for (QuizDTO quiz : quizzes) {
29:                 out.println("<li><a href='quiz?id=" + quiz.getId() + "'>" + quiz.getName() + "</a></li>");
30:             }
31:         %>
32:     </ul>


Stacktrace:
		at org.apache.jasper.compiler.DefaultErrorHandler.javacError(DefaultErrorHandler.java:102)
		at org.apache.jasper.compiler.ErrorDispatcher.javacError(ErrorDispatcher.java:213)
		at org.apache.jasper.compiler.JDTCompiler.generateClass(JDTCompiler.java:520)
		at org.apache.jasper.compiler.Compiler.compile(Compiler.java:397)
		at org.apache.jasper.compiler.Compiler.compile(Compiler.java:367)
		at org.apache.jasper.compiler.Compiler.compile(Compiler.java:351)
		at org.apache.jasper.JspCompilationContext.compile(JspCompilationContext.java:605)
		at org.apache.jasper.servlet.JspServletWrapper.service(JspServletWrapper.java:399)
		at org.apache.jasper.servlet.JspServlet.serviceJspFile(JspServlet.java:379)
		at org.apache.jasper.servlet.JspServlet.service(JspServlet.java:327)
		at javax.servlet.http.HttpServlet.service(HttpServlet.java:779)
		at org.apache.catalina.core.ApplicationFilterChain.internalDoFilter(ApplicationFilterChain.java:227)
		at org.apache.catalina.core.ApplicationFilterChain.doFilter(ApplicationFilterChain.java:162)
		at org.apache.tomcat.websocket.server.WsFilter.doFilter(WsFilter.java:53)
		at org.apache.catalina.core.ApplicationFilterChain.internalDoFilter(ApplicationFilterChain.java:189)
		at org.apache.catalina.core.ApplicationFilterChain.doFilter(ApplicationFilterChain.java:162)
		at org.apache.catalina.core.ApplicationDispatcher.invoke(ApplicationDispatcher.java:711)
		at org.apache.catalina.core.ApplicationDispatcher.processRequest(ApplicationDispatcher.java:459)
		at org.apache.catalina.core.ApplicationDispatcher.doForward(ApplicationDispatcher.java:385)
		at org.apache.catalina.core.ApplicationDispatcher.forward(ApplicationDispatcher.java:313)
		at quiz.controller.HomeServlet.doGet(HomeServlet.java:31)
		at javax.servlet.http.HttpServlet.service(HttpServlet.java:670)
		at javax.servlet.http.HttpServlet.service(HttpServlet.java:779)
		at org.apache.catalina.core.ApplicationFilterChain.internalDoFilter(ApplicationFilterChain.java:227)
		at org.apache.catalina.core.ApplicationFilterChain.doFilter(ApplicationFilterChain.java:162)
		at org.apache.tomcat.websocket.server.WsFilter.doFilter(WsFilter.java:53)
		at org.apache.catalina.core.ApplicationFilterChain.internalDoFilter(ApplicationFilterChain.java:189)
		at org.apache.catalina.core.ApplicationFilterChain.doFilter(ApplicationFilterChain.java:162)
		at org.apache.catalina.core.StandardWrapperValve.invoke(StandardWrapperValve.java:177)
		at org.apache.catalina.core.StandardContextValve.invoke(StandardContextValve.java:97)
		at org.apache.catalina.authenticator.AuthenticatorBase.invoke(AuthenticatorBase.java:541)
		at org.apache.catalina.core.StandardHostValve.invoke(StandardHostValve.java:135)
		at org.apache.catalina.valves.ErrorReportValve.invoke(ErrorReportValve.java:92)
		at org.apache.catalina.valves.AbstractAccessLogValve.invoke(AbstractAccessLogValve.java:687)
		at org.apache.catalina.core.StandardEngineValve.invoke(StandardEngineValve.java:78)
		at org.apache.catalina.connector.CoyoteAdapter.service(CoyoteAdapter.java:360)
		at org.apache.coyote.http11.Http11Processor.service(Http11Processor.java:399)
		at org.apache.coyote.AbstractProcessorLight.process(AbstractProcessorLight.java:65)
		at org.apache.coyote.AbstractProtocol$ConnectionHandler.process(AbstractProtocol.java:891)
		at org.apache.tomcat.util.net.NioEndpoint$SocketProcessor.doRun(NioEndpoint.java:1784)
		at org.apache.tomcat.util.net.SocketProcessorBase.run(SocketProcessorBase.java:49)
		at org.apache.tomcat.util.threads.ThreadPoolExecutor.runWorker(ThreadPoolExecutor.java:1191)
		at org.apache.tomcat.util.threads.ThreadPoolExecutor$Worker.run(ThreadPoolExecutor.java:659)
		at org.apache.tomcat.util.threads.TaskThread$WrappingRunnable.run(TaskThread.java:61)
		at java.base/java.lang.Thread.run(Thread.java:832)
06-Dec-2023 12:35:05.185 SEVERE [http-nio-8080-exec-8] org.apache.catalina.core.StandardWrapperValve.invoke Servlet.service() for servlet [quiz.controller.HomeServlet] in context with path [/quiz] threw exception [Unable to compile class for JSP: 

An error occurred at line: [11] in the jsp file: [/home.jsp]
Type mismatch: cannot convert from Object to UserDTO
8:     <title>Homepage</title>
9: </head>
10: <body>
11:     <% UserDTO user = session.getAttribute("user"); %>
12:     <h1>Welcome, <%= user.getName() %>!</h1>
13: 
14:     <h2>Past Results</h2>


An error occurred at line: [12] in the jsp file: [/home.jsp]
The method getName() is undefined for the type UserDTO
9: </head>
10: <body>
11:     <% UserDTO user = session.getAttribute("user"); %>
12:     <h1>Welcome, <%= user.getName() %>!</h1>
13: 
14:     <h2>Past Results</h2>
15:     <ul>


An error occurred at line: [17] in the jsp file: [/home.jsp]
Result cannot be resolved to a type
14:     <h2>Past Results</h2>
15:     <ul>
16:         <% 
17:             List<Result> results = (List<Result>) request.getAttribute("results");
18:             for (ResultDTO result : results) {
19:                 out.println("<li>" + result.getQuizName() + " - Score: " + result.getScore() + "</li>");
20:             }


An error occurred at line: [17] in the jsp file: [/home.jsp]
Result cannot be resolved to a type
14:     <h2>Past Results</h2>
15:     <ul>
16:         <% 
17:             List<Result> results = (List<Result>) request.getAttribute("results");
18:             for (ResultDTO result : results) {
19:                 out.println("<li>" + result.getQuizName() + " - Score: " + result.getScore() + "</li>");
20:             }


An error occurred at line: [19] in the jsp file: [/home.jsp]
The method getQuizName() is undefined for the type ResultDTO
16:         <% 
17:             List<Result> results = (List<Result>) request.getAttribute("results");
18:             for (ResultDTO result : results) {
19:                 out.println("<li>" + result.getQuizName() + " - Score: " + result.getScore() + "</li>");
20:             }
21:         %>
22:     </ul>


An error occurred at line: [27] in the jsp file: [/home.jsp]
Quiz cannot be resolved to a type
24:     <h2>Available Quizzes</h2>
25:     <ul>
26:         <% 
27:             List<Quiz> quizzes = (List<Quiz>) request.getAttribute("quizzes");
28:             for (QuizDTO quiz : quizzes) {
29:                 out.println("<li><a href='quiz?id=" + quiz.getId() + "'>" + quiz.getName() + "</a></li>");
30:             }


An error occurred at line: [27] in the jsp file: [/home.jsp]
Quiz cannot be resolved to a type
24:     <h2>Available Quizzes</h2>
25:     <ul>
26:         <% 
27:             List<Quiz> quizzes = (List<Quiz>) request.getAttribute("quizzes");
28:             for (QuizDTO quiz : quizzes) {
29:                 out.println("<li><a href='quiz?id=" + quiz.getId() + "'>" + quiz.getName() + "</a></li>");
30:             }


An error occurred at line: [29] in the jsp file: [/home.jsp]
The method getName() is undefined for the type QuizDTO
26:         <% 
27:             List<Quiz> quizzes = (List<Quiz>) request.getAttribute("quizzes");
28:             for (QuizDTO quiz : quizzes) {
29:                 out.println("<li><a href='quiz?id=" + quiz.getId() + "'>" + quiz.getName() + "</a></li>");
30:             }
31:         %>
32:     </ul>


Stacktrace:] with root cause
	org.apache.jasper.JasperException: Unable to compile class for JSP: 

An error occurred at line: [11] in the jsp file: [/home.jsp]
Type mismatch: cannot convert from Object to UserDTO
8:     <title>Homepage</title>
9: </head>
10: <body>
11:     <% UserDTO user = session.getAttribute("user"); %>
12:     <h1>Welcome, <%= user.getName() %>!</h1>
13: 
14:     <h2>Past Results</h2>


An error occurred at line: [12] in the jsp file: [/home.jsp]
The method getName() is undefined for the type UserDTO
9: </head>
10: <body>
11:     <% UserDTO user = session.getAttribute("user"); %>
12:     <h1>Welcome, <%= user.getName() %>!</h1>
13: 
14:     <h2>Past Results</h2>
15:     <ul>


An error occurred at line: [17] in the jsp file: [/home.jsp]
Result cannot be resolved to a type
14:     <h2>Past Results</h2>
15:     <ul>
16:         <% 
17:             List<Result> results = (List<Result>) request.getAttribute("results");
18:             for (ResultDTO result : results) {
19:                 out.println("<li>" + result.getQuizName() + " - Score: " + result.getScore() + "</li>");
20:             }


An error occurred at line: [17] in the jsp file: [/home.jsp]
Result cannot be resolved to a type
14:     <h2>Past Results</h2>
15:     <ul>
16:         <% 
17:             List<Result> results = (List<Result>) request.getAttribute("results");
18:             for (ResultDTO result : results) {
19:                 out.println("<li>" + result.getQuizName() + " - Score: " + result.getScore() + "</li>");
20:             }


An error occurred at line: [19] in the jsp file: [/home.jsp]
The method getQuizName() is undefined for the type ResultDTO
16:         <% 
17:             List<Result> results = (List<Result>) request.getAttribute("results");
18:             for (ResultDTO result : results) {
19:                 out.println("<li>" + result.getQuizName() + " - Score: " + result.getScore() + "</li>");
20:             }
21:         %>
22:     </ul>


An error occurred at line: [27] in the jsp file: [/home.jsp]
Quiz cannot be resolved to a type
24:     <h2>Available Quizzes</h2>
25:     <ul>
26:         <% 
27:             List<Quiz> quizzes = (List<Quiz>) request.getAttribute("quizzes");
28:             for (QuizDTO quiz : quizzes) {
29:                 out.println("<li><a href='quiz?id=" + quiz.getId() + "'>" + quiz.getName() + "</a></li>");
30:             }


An error occurred at line: [27] in the jsp file: [/home.jsp]
Quiz cannot be resolved to a type
24:     <h2>Available Quizzes</h2>
25:     <ul>
26:         <% 
27:             List<Quiz> quizzes = (List<Quiz>) request.getAttribute("quizzes");
28:             for (QuizDTO quiz : quizzes) {
29:                 out.println("<li><a href='quiz?id=" + quiz.getId() + "'>" + quiz.getName() + "</a></li>");
30:             }


An error occurred at line: [29] in the jsp file: [/home.jsp]
The method getName() is undefined for the type QuizDTO
26:         <% 
27:             List<Quiz> quizzes = (List<Quiz>) request.getAttribute("quizzes");
28:             for (QuizDTO quiz : quizzes) {
29:                 out.println("<li><a href='quiz?id=" + quiz.getId() + "'>" + quiz.getName() + "</a></li>");
30:             }
31:         %>
32:     </ul>


Stacktrace:
		at org.apache.jasper.compiler.DefaultErrorHandler.javacError(DefaultErrorHandler.java:102)
		at org.apache.jasper.compiler.ErrorDispatcher.javacError(ErrorDispatcher.java:213)
		at org.apache.jasper.compiler.JDTCompiler.generateClass(JDTCompiler.java:520)
		at org.apache.jasper.compiler.Compiler.compile(Compiler.java:397)
		at org.apache.jasper.compiler.Compiler.compile(Compiler.java:367)
		at org.apache.jasper.compiler.Compiler.compile(Compiler.java:351)
		at org.apache.jasper.JspCompilationContext.compile(JspCompilationContext.java:605)
		at org.apache.jasper.servlet.JspServletWrapper.service(JspServletWrapper.java:399)
		at org.apache.jasper.servlet.JspServlet.serviceJspFile(JspServlet.java:379)
		at org.apache.jasper.servlet.JspServlet.service(JspServlet.java:327)
		at javax.servlet.http.HttpServlet.service(HttpServlet.java:779)
		at org.apache.catalina.core.ApplicationFilterChain.internalDoFilter(ApplicationFilterChain.java:227)
		at org.apache.catalina.core.ApplicationFilterChain.doFilter(ApplicationFilterChain.java:162)
		at org.apache.tomcat.websocket.server.WsFilter.doFilter(WsFilter.java:53)
		at org.apache.catalina.core.ApplicationFilterChain.internalDoFilter(ApplicationFilterChain.java:189)
		at org.apache.catalina.core.ApplicationFilterChain.doFilter(ApplicationFilterChain.java:162)
		at org.apache.catalina.core.ApplicationDispatcher.invoke(ApplicationDispatcher.java:711)
		at org.apache.catalina.core.ApplicationDispatcher.processRequest(ApplicationDispatcher.java:459)
		at org.apache.catalina.core.ApplicationDispatcher.doForward(ApplicationDispatcher.java:385)
		at org.apache.catalina.core.ApplicationDispatcher.forward(ApplicationDispatcher.java:313)
		at quiz.controller.HomeServlet.doGet(HomeServlet.java:31)
		at javax.servlet.http.HttpServlet.service(HttpServlet.java:670)
		at javax.servlet.http.HttpServlet.service(HttpServlet.java:779)
		at org.apache.catalina.core.ApplicationFilterChain.internalDoFilter(ApplicationFilterChain.java:227)
		at org.apache.catalina.core.ApplicationFilterChain.doFilter(ApplicationFilterChain.java:162)
		at org.apache.tomcat.websocket.server.WsFilter.doFilter(WsFilter.java:53)
		at org.apache.catalina.core.ApplicationFilterChain.internalDoFilter(ApplicationFilterChain.java:189)
		at org.apache.catalina.core.ApplicationFilterChain.doFilter(ApplicationFilterChain.java:162)
		at org.apache.catalina.core.StandardWrapperValve.invoke(StandardWrapperValve.java:177)
		at org.apache.catalina.core.StandardContextValve.invoke(StandardContextValve.java:97)
		at org.apache.catalina.authenticator.AuthenticatorBase.invoke(AuthenticatorBase.java:541)
		at org.apache.catalina.core.StandardHostValve.invoke(StandardHostValve.java:135)
		at org.apache.catalina.valves.ErrorReportValve.invoke(ErrorReportValve.java:92)
		at org.apache.catalina.valves.AbstractAccessLogValve.invoke(AbstractAccessLogValve.java:687)
		at org.apache.catalina.core.StandardEngineValve.invoke(StandardEngineValve.java:78)
		at org.apache.catalina.connector.CoyoteAdapter.service(CoyoteAdapter.java:360)
		at org.apache.coyote.http11.Http11Processor.service(Http11Processor.java:399)
		at org.apache.coyote.AbstractProcessorLight.process(AbstractProcessorLight.java:65)
		at org.apache.coyote.AbstractProtocol$ConnectionHandler.process(AbstractProtocol.java:891)
		at org.apache.tomcat.util.net.NioEndpoint$SocketProcessor.doRun(NioEndpoint.java:1784)
		at org.apache.tomcat.util.net.SocketProcessorBase.run(SocketProcessorBase.java:49)
		at org.apache.tomcat.util.threads.ThreadPoolExecutor.runWorker(ThreadPoolExecutor.java:1191)
		at org.apache.tomcat.util.threads.ThreadPoolExecutor$Worker.run(ThreadPoolExecutor.java:659)
		at org.apache.tomcat.util.threads.TaskThread$WrappingRunnable.run(TaskThread.java:61)
		at java.base/java.lang.Thread.run(Thread.java:832)
06-Dec-2023 12:35:42.190 INFO [main] org.apache.catalina.core.ApplicationContext.log SessionListener: contextDestroyed()
06-Dec-2023 12:35:42.190 INFO [main] org.apache.catalina.core.ApplicationContext.log ContextListener: contextDestroyed()
06-Dec-2023 12:35:47.543 INFO [main] org.apache.catalina.core.ApplicationContext.log ContextListener: contextInitialized()
06-Dec-2023 12:35:47.543 INFO [main] org.apache.catalina.core.ApplicationContext.log SessionListener: contextInitialized()
06-Dec-2023 12:35:47.546 INFO [main] org.apache.catalina.core.ApplicationContext.log ContextListener: attributeAdded('StockTicker', 'async.Stockticker@3383649e')
06-Dec-2023 12:35:56.912 SEVERE [http-nio-8080-exec-8] org.apache.catalina.core.ApplicationDispatcher.invoke Servlet.service() for servlet [jsp] threw exception
	org.apache.jasper.JasperException: Unable to compile class for JSP: 

An error occurred at line: [12] in the jsp file: [/home.jsp]
The method getName() is undefined for the type UserDTO
9: </head>
10: <body>
11:     <% UserDTO user = (UserDTO) session.getAttribute("user"); %>
12:     <h1>Welcome, <%= user.getName() %>!</h1>
13: 
14:     <h2>Past Results</h2>
15:     <ul>


An error occurred at line: [17] in the jsp file: [/home.jsp]
Result cannot be resolved to a type
14:     <h2>Past Results</h2>
15:     <ul>
16:         <% 
17:             List<Result> results = (List<Result>) request.getAttribute("results");
18:             for (ResultDTO result : results) {
19:                 out.println("<li>" + result.getQuizName() + " - Score: " + result.getScore() + "</li>");
20:             }


An error occurred at line: [17] in the jsp file: [/home.jsp]
Result cannot be resolved to a type
14:     <h2>Past Results</h2>
15:     <ul>
16:         <% 
17:             List<Result> results = (List<Result>) request.getAttribute("results");
18:             for (ResultDTO result : results) {
19:                 out.println("<li>" + result.getQuizName() + " - Score: " + result.getScore() + "</li>");
20:             }


An error occurred at line: [19] in the jsp file: [/home.jsp]
The method getQuizName() is undefined for the type ResultDTO
16:         <% 
17:             List<Result> results = (List<Result>) request.getAttribute("results");
18:             for (ResultDTO result : results) {
19:                 out.println("<li>" + result.getQuizName() + " - Score: " + result.getScore() + "</li>");
20:             }
21:         %>
22:     </ul>


An error occurred at line: [27] in the jsp file: [/home.jsp]
Quiz cannot be resolved to a type
24:     <h2>Available Quizzes</h2>
25:     <ul>
26:         <% 
27:             List<Quiz> quizzes = (List<Quiz>) request.getAttribute("quizzes");
28:             for (QuizDTO quiz : quizzes) {
29:                 out.println("<li><a href='quiz?id=" + quiz.getId() + "'>" + quiz.getName() + "</a></li>");
30:             }


An error occurred at line: [27] in the jsp file: [/home.jsp]
Quiz cannot be resolved to a type
24:     <h2>Available Quizzes</h2>
25:     <ul>
26:         <% 
27:             List<Quiz> quizzes = (List<Quiz>) request.getAttribute("quizzes");
28:             for (QuizDTO quiz : quizzes) {
29:                 out.println("<li><a href='quiz?id=" + quiz.getId() + "'>" + quiz.getName() + "</a></li>");
30:             }


An error occurred at line: [29] in the jsp file: [/home.jsp]
The method getName() is undefined for the type QuizDTO
26:         <% 
27:             List<Quiz> quizzes = (List<Quiz>) request.getAttribute("quizzes");
28:             for (QuizDTO quiz : quizzes) {
29:                 out.println("<li><a href='quiz?id=" + quiz.getId() + "'>" + quiz.getName() + "</a></li>");
30:             }
31:         %>
32:     </ul>


Stacktrace:
		at org.apache.jasper.compiler.DefaultErrorHandler.javacError(DefaultErrorHandler.java:102)
		at org.apache.jasper.compiler.ErrorDispatcher.javacError(ErrorDispatcher.java:213)
		at org.apache.jasper.compiler.JDTCompiler.generateClass(JDTCompiler.java:520)
		at org.apache.jasper.compiler.Compiler.compile(Compiler.java:397)
		at org.apache.jasper.compiler.Compiler.compile(Compiler.java:367)
		at org.apache.jasper.compiler.Compiler.compile(Compiler.java:351)
		at org.apache.jasper.JspCompilationContext.compile(JspCompilationContext.java:605)
		at org.apache.jasper.servlet.JspServletWrapper.service(JspServletWrapper.java:399)
		at org.apache.jasper.servlet.JspServlet.serviceJspFile(JspServlet.java:379)
		at org.apache.jasper.servlet.JspServlet.service(JspServlet.java:327)
		at javax.servlet.http.HttpServlet.service(HttpServlet.java:779)
		at org.apache.catalina.core.ApplicationFilterChain.internalDoFilter(ApplicationFilterChain.java:227)
		at org.apache.catalina.core.ApplicationFilterChain.doFilter(ApplicationFilterChain.java:162)
		at org.apache.tomcat.websocket.server.WsFilter.doFilter(WsFilter.java:53)
		at org.apache.catalina.core.ApplicationFilterChain.internalDoFilter(ApplicationFilterChain.java:189)
		at org.apache.catalina.core.ApplicationFilterChain.doFilter(ApplicationFilterChain.java:162)
		at org.apache.catalina.core.ApplicationDispatcher.invoke(ApplicationDispatcher.java:711)
		at org.apache.catalina.core.ApplicationDispatcher.processRequest(ApplicationDispatcher.java:459)
		at org.apache.catalina.core.ApplicationDispatcher.doForward(ApplicationDispatcher.java:385)
		at org.apache.catalina.core.ApplicationDispatcher.forward(ApplicationDispatcher.java:313)
		at quiz.controller.HomeServlet.doGet(HomeServlet.java:31)
		at javax.servlet.http.HttpServlet.service(HttpServlet.java:670)
		at javax.servlet.http.HttpServlet.service(HttpServlet.java:779)
		at org.apache.catalina.core.ApplicationFilterChain.internalDoFilter(ApplicationFilterChain.java:227)
		at org.apache.catalina.core.ApplicationFilterChain.doFilter(ApplicationFilterChain.java:162)
		at org.apache.tomcat.websocket.server.WsFilter.doFilter(WsFilter.java:53)
		at org.apache.catalina.core.ApplicationFilterChain.internalDoFilter(ApplicationFilterChain.java:189)
		at org.apache.catalina.core.ApplicationFilterChain.doFilter(ApplicationFilterChain.java:162)
		at org.apache.catalina.core.StandardWrapperValve.invoke(StandardWrapperValve.java:177)
		at org.apache.catalina.core.StandardContextValve.invoke(StandardContextValve.java:97)
		at org.apache.catalina.authenticator.AuthenticatorBase.invoke(AuthenticatorBase.java:541)
		at org.apache.catalina.core.StandardHostValve.invoke(StandardHostValve.java:135)
		at org.apache.catalina.valves.ErrorReportValve.invoke(ErrorReportValve.java:92)
		at org.apache.catalina.valves.AbstractAccessLogValve.invoke(AbstractAccessLogValve.java:687)
		at org.apache.catalina.core.StandardEngineValve.invoke(StandardEngineValve.java:78)
		at org.apache.catalina.connector.CoyoteAdapter.service(CoyoteAdapter.java:360)
		at org.apache.coyote.http11.Http11Processor.service(Http11Processor.java:399)
		at org.apache.coyote.AbstractProcessorLight.process(AbstractProcessorLight.java:65)
		at org.apache.coyote.AbstractProtocol$ConnectionHandler.process(AbstractProtocol.java:891)
		at org.apache.tomcat.util.net.NioEndpoint$SocketProcessor.doRun(NioEndpoint.java:1784)
		at org.apache.tomcat.util.net.SocketProcessorBase.run(SocketProcessorBase.java:49)
		at org.apache.tomcat.util.threads.ThreadPoolExecutor.runWorker(ThreadPoolExecutor.java:1191)
		at org.apache.tomcat.util.threads.ThreadPoolExecutor$Worker.run(ThreadPoolExecutor.java:659)
		at org.apache.tomcat.util.threads.TaskThread$WrappingRunnable.run(TaskThread.java:61)
		at java.base/java.lang.Thread.run(Thread.java:832)
06-Dec-2023 12:35:56.912 SEVERE [http-nio-8080-exec-8] org.apache.catalina.core.StandardWrapperValve.invoke Servlet.service() for servlet [quiz.controller.HomeServlet] in context with path [/quiz] threw exception [Unable to compile class for JSP: 

An error occurred at line: [12] in the jsp file: [/home.jsp]
The method getName() is undefined for the type UserDTO
9: </head>
10: <body>
11:     <% UserDTO user = (UserDTO) session.getAttribute("user"); %>
12:     <h1>Welcome, <%= user.getName() %>!</h1>
13: 
14:     <h2>Past Results</h2>
15:     <ul>


An error occurred at line: [17] in the jsp file: [/home.jsp]
Result cannot be resolved to a type
14:     <h2>Past Results</h2>
15:     <ul>
16:         <% 
17:             List<Result> results = (List<Result>) request.getAttribute("results");
18:             for (ResultDTO result : results) {
19:                 out.println("<li>" + result.getQuizName() + " - Score: " + result.getScore() + "</li>");
20:             }


An error occurred at line: [17] in the jsp file: [/home.jsp]
Result cannot be resolved to a type
14:     <h2>Past Results</h2>
15:     <ul>
16:         <% 
17:             List<Result> results = (List<Result>) request.getAttribute("results");
18:             for (ResultDTO result : results) {
19:                 out.println("<li>" + result.getQuizName() + " - Score: " + result.getScore() + "</li>");
20:             }


An error occurred at line: [19] in the jsp file: [/home.jsp]
The method getQuizName() is undefined for the type ResultDTO
16:         <% 
17:             List<Result> results = (List<Result>) request.getAttribute("results");
18:             for (ResultDTO result : results) {
19:                 out.println("<li>" + result.getQuizName() + " - Score: " + result.getScore() + "</li>");
20:             }
21:         %>
22:     </ul>


An error occurred at line: [27] in the jsp file: [/home.jsp]
Quiz cannot be resolved to a type
24:     <h2>Available Quizzes</h2>
25:     <ul>
26:         <% 
27:             List<Quiz> quizzes = (List<Quiz>) request.getAttribute("quizzes");
28:             for (QuizDTO quiz : quizzes) {
29:                 out.println("<li><a href='quiz?id=" + quiz.getId() + "'>" + quiz.getName() + "</a></li>");
30:             }


An error occurred at line: [27] in the jsp file: [/home.jsp]
Quiz cannot be resolved to a type
24:     <h2>Available Quizzes</h2>
25:     <ul>
26:         <% 
27:             List<Quiz> quizzes = (List<Quiz>) request.getAttribute("quizzes");
28:             for (QuizDTO quiz : quizzes) {
29:                 out.println("<li><a href='quiz?id=" + quiz.getId() + "'>" + quiz.getName() + "</a></li>");
30:             }


An error occurred at line: [29] in the jsp file: [/home.jsp]
The method getName() is undefined for the type QuizDTO
26:         <% 
27:             List<Quiz> quizzes = (List<Quiz>) request.getAttribute("quizzes");
28:             for (QuizDTO quiz : quizzes) {
29:                 out.println("<li><a href='quiz?id=" + quiz.getId() + "'>" + quiz.getName() + "</a></li>");
30:             }
31:         %>
32:     </ul>


Stacktrace:] with root cause
	org.apache.jasper.JasperException: Unable to compile class for JSP: 

An error occurred at line: [12] in the jsp file: [/home.jsp]
The method getName() is undefined for the type UserDTO
9: </head>
10: <body>
11:     <% UserDTO user = (UserDTO) session.getAttribute("user"); %>
12:     <h1>Welcome, <%= user.getName() %>!</h1>
13: 
14:     <h2>Past Results</h2>
15:     <ul>


An error occurred at line: [17] in the jsp file: [/home.jsp]
Result cannot be resolved to a type
14:     <h2>Past Results</h2>
15:     <ul>
16:         <% 
17:             List<Result> results = (List<Result>) request.getAttribute("results");
18:             for (ResultDTO result : results) {
19:                 out.println("<li>" + result.getQuizName() + " - Score: " + result.getScore() + "</li>");
20:             }


An error occurred at line: [17] in the jsp file: [/home.jsp]
Result cannot be resolved to a type
14:     <h2>Past Results</h2>
15:     <ul>
16:         <% 
17:             List<Result> results = (List<Result>) request.getAttribute("results");
18:             for (ResultDTO result : results) {
19:                 out.println("<li>" + result.getQuizName() + " - Score: " + result.getScore() + "</li>");
20:             }


An error occurred at line: [19] in the jsp file: [/home.jsp]
The method getQuizName() is undefined for the type ResultDTO
16:         <% 
17:             List<Result> results = (List<Result>) request.getAttribute("results");
18:             for (ResultDTO result : results) {
19:                 out.println("<li>" + result.getQuizName() + " - Score: " + result.getScore() + "</li>");
20:             }
21:         %>
22:     </ul>


An error occurred at line: [27] in the jsp file: [/home.jsp]
Quiz cannot be resolved to a type
24:     <h2>Available Quizzes</h2>
25:     <ul>
26:         <% 
27:             List<Quiz> quizzes = (List<Quiz>) request.getAttribute("quizzes");
28:             for (QuizDTO quiz : quizzes) {
29:                 out.println("<li><a href='quiz?id=" + quiz.getId() + "'>" + quiz.getName() + "</a></li>");
30:             }


An error occurred at line: [27] in the jsp file: [/home.jsp]
Quiz cannot be resolved to a type
24:     <h2>Available Quizzes</h2>
25:     <ul>
26:         <% 
27:             List<Quiz> quizzes = (List<Quiz>) request.getAttribute("quizzes");
28:             for (QuizDTO quiz : quizzes) {
29:                 out.println("<li><a href='quiz?id=" + quiz.getId() + "'>" + quiz.getName() + "</a></li>");
30:             }


An error occurred at line: [29] in the jsp file: [/home.jsp]
The method getName() is undefined for the type QuizDTO
26:         <% 
27:             List<Quiz> quizzes = (List<Quiz>) request.getAttribute("quizzes");
28:             for (QuizDTO quiz : quizzes) {
29:                 out.println("<li><a href='quiz?id=" + quiz.getId() + "'>" + quiz.getName() + "</a></li>");
30:             }
31:         %>
32:     </ul>


Stacktrace:
		at org.apache.jasper.compiler.DefaultErrorHandler.javacError(DefaultErrorHandler.java:102)
		at org.apache.jasper.compiler.ErrorDispatcher.javacError(ErrorDispatcher.java:213)
		at org.apache.jasper.compiler.JDTCompiler.generateClass(JDTCompiler.java:520)
		at org.apache.jasper.compiler.Compiler.compile(Compiler.java:397)
		at org.apache.jasper.compiler.Compiler.compile(Compiler.java:367)
		at org.apache.jasper.compiler.Compiler.compile(Compiler.java:351)
		at org.apache.jasper.JspCompilationContext.compile(JspCompilationContext.java:605)
		at org.apache.jasper.servlet.JspServletWrapper.service(JspServletWrapper.java:399)
		at org.apache.jasper.servlet.JspServlet.serviceJspFile(JspServlet.java:379)
		at org.apache.jasper.servlet.JspServlet.service(JspServlet.java:327)
		at javax.servlet.http.HttpServlet.service(HttpServlet.java:779)
		at org.apache.catalina.core.ApplicationFilterChain.internalDoFilter(ApplicationFilterChain.java:227)
		at org.apache.catalina.core.ApplicationFilterChain.doFilter(ApplicationFilterChain.java:162)
		at org.apache.tomcat.websocket.server.WsFilter.doFilter(WsFilter.java:53)
		at org.apache.catalina.core.ApplicationFilterChain.internalDoFilter(ApplicationFilterChain.java:189)
		at org.apache.catalina.core.ApplicationFilterChain.doFilter(ApplicationFilterChain.java:162)
		at org.apache.catalina.core.ApplicationDispatcher.invoke(ApplicationDispatcher.java:711)
		at org.apache.catalina.core.ApplicationDispatcher.processRequest(ApplicationDispatcher.java:459)
		at org.apache.catalina.core.ApplicationDispatcher.doForward(ApplicationDispatcher.java:385)
		at org.apache.catalina.core.ApplicationDispatcher.forward(ApplicationDispatcher.java:313)
		at quiz.controller.HomeServlet.doGet(HomeServlet.java:31)
		at javax.servlet.http.HttpServlet.service(HttpServlet.java:670)
		at javax.servlet.http.HttpServlet.service(HttpServlet.java:779)
		at org.apache.catalina.core.ApplicationFilterChain.internalDoFilter(ApplicationFilterChain.java:227)
		at org.apache.catalina.core.ApplicationFilterChain.doFilter(ApplicationFilterChain.java:162)
		at org.apache.tomcat.websocket.server.WsFilter.doFilter(WsFilter.java:53)
		at org.apache.catalina.core.ApplicationFilterChain.internalDoFilter(ApplicationFilterChain.java:189)
		at org.apache.catalina.core.ApplicationFilterChain.doFilter(ApplicationFilterChain.java:162)
		at org.apache.catalina.core.StandardWrapperValve.invoke(StandardWrapperValve.java:177)
		at org.apache.catalina.core.StandardContextValve.invoke(StandardContextValve.java:97)
		at org.apache.catalina.authenticator.AuthenticatorBase.invoke(AuthenticatorBase.java:541)
		at org.apache.catalina.core.StandardHostValve.invoke(StandardHostValve.java:135)
		at org.apache.catalina.valves.ErrorReportValve.invoke(ErrorReportValve.java:92)
		at org.apache.catalina.valves.AbstractAccessLogValve.invoke(AbstractAccessLogValve.java:687)
		at org.apache.catalina.core.StandardEngineValve.invoke(StandardEngineValve.java:78)
		at org.apache.catalina.connector.CoyoteAdapter.service(CoyoteAdapter.java:360)
		at org.apache.coyote.http11.Http11Processor.service(Http11Processor.java:399)
		at org.apache.coyote.AbstractProcessorLight.process(AbstractProcessorLight.java:65)
		at org.apache.coyote.AbstractProtocol$ConnectionHandler.process(AbstractProtocol.java:891)
		at org.apache.tomcat.util.net.NioEndpoint$SocketProcessor.doRun(NioEndpoint.java:1784)
		at org.apache.tomcat.util.net.SocketProcessorBase.run(SocketProcessorBase.java:49)
		at org.apache.tomcat.util.threads.ThreadPoolExecutor.runWorker(ThreadPoolExecutor.java:1191)
		at org.apache.tomcat.util.threads.ThreadPoolExecutor$Worker.run(ThreadPoolExecutor.java:659)
		at org.apache.tomcat.util.threads.TaskThread$WrappingRunnable.run(TaskThread.java:61)
		at java.base/java.lang.Thread.run(Thread.java:832)
06-Dec-2023 12:36:44.317 INFO [main] org.apache.catalina.core.ApplicationContext.log SessionListener: contextDestroyed()
06-Dec-2023 12:36:44.317 INFO [main] org.apache.catalina.core.ApplicationContext.log ContextListener: contextDestroyed()
06-Dec-2023 12:36:50.063 INFO [main] org.apache.catalina.core.ApplicationContext.log ContextListener: contextInitialized()
06-Dec-2023 12:36:50.063 INFO [main] org.apache.catalina.core.ApplicationContext.log SessionListener: contextInitialized()
06-Dec-2023 12:36:50.068 INFO [main] org.apache.catalina.core.ApplicationContext.log ContextListener: attributeAdded('StockTicker', 'async.Stockticker@3383649e')
06-Dec-2023 12:37:01.154 SEVERE [http-nio-8080-exec-9] org.apache.catalina.core.ApplicationDispatcher.invoke Servlet.service() for servlet [jsp] threw exception
	org.apache.jasper.JasperException: Unable to compile class for JSP: 

An error occurred at line: [17] in the jsp file: [/home.jsp]
Result cannot be resolved to a type
14:     <h2>Past Results</h2>
15:     <ul>
16:         <% 
17:             List<Result> results = (List<Result>) request.getAttribute("results");
18:             for (ResultDTO result : results) {
19:                 out.println("<li>" + result.getQuizName() + " - Score: " + result.getScore() + "</li>");
20:             }


An error occurred at line: [17] in the jsp file: [/home.jsp]
Result cannot be resolved to a type
14:     <h2>Past Results</h2>
15:     <ul>
16:         <% 
17:             List<Result> results = (List<Result>) request.getAttribute("results");
18:             for (ResultDTO result : results) {
19:                 out.println("<li>" + result.getQuizName() + " - Score: " + result.getScore() + "</li>");
20:             }


An error occurred at line: [19] in the jsp file: [/home.jsp]
The method getQuizName() is undefined for the type ResultDTO
16:         <% 
17:             List<Result> results = (List<Result>) request.getAttribute("results");
18:             for (ResultDTO result : results) {
19:                 out.println("<li>" + result.getQuizName() + " - Score: " + result.getScore() + "</li>");
20:             }
21:         %>
22:     </ul>


An error occurred at line: [27] in the jsp file: [/home.jsp]
Quiz cannot be resolved to a type
24:     <h2>Available Quizzes</h2>
25:     <ul>
26:         <% 
27:             List<Quiz> quizzes = (List<Quiz>) request.getAttribute("quizzes");
28:             for (QuizDTO quiz : quizzes) {
29:                 out.println("<li><a href='quiz?id=" + quiz.getId() + "'>" + quiz.getName() + "</a></li>");
30:             }


An error occurred at line: [27] in the jsp file: [/home.jsp]
Quiz cannot be resolved to a type
24:     <h2>Available Quizzes</h2>
25:     <ul>
26:         <% 
27:             List<Quiz> quizzes = (List<Quiz>) request.getAttribute("quizzes");
28:             for (QuizDTO quiz : quizzes) {
29:                 out.println("<li><a href='quiz?id=" + quiz.getId() + "'>" + quiz.getName() + "</a></li>");
30:             }


An error occurred at line: [29] in the jsp file: [/home.jsp]
The method getName() is undefined for the type QuizDTO
26:         <% 
27:             List<Quiz> quizzes = (List<Quiz>) request.getAttribute("quizzes");
28:             for (QuizDTO quiz : quizzes) {
29:                 out.println("<li><a href='quiz?id=" + quiz.getId() + "'>" + quiz.getName() + "</a></li>");
30:             }
31:         %>
32:     </ul>


Stacktrace:
		at org.apache.jasper.compiler.DefaultErrorHandler.javacError(DefaultErrorHandler.java:102)
		at org.apache.jasper.compiler.ErrorDispatcher.javacError(ErrorDispatcher.java:213)
		at org.apache.jasper.compiler.JDTCompiler.generateClass(JDTCompiler.java:520)
		at org.apache.jasper.compiler.Compiler.compile(Compiler.java:397)
		at org.apache.jasper.compiler.Compiler.compile(Compiler.java:367)
		at org.apache.jasper.compiler.Compiler.compile(Compiler.java:351)
		at org.apache.jasper.JspCompilationContext.compile(JspCompilationContext.java:605)
		at org.apache.jasper.servlet.JspServletWrapper.service(JspServletWrapper.java:399)
		at org.apache.jasper.servlet.JspServlet.serviceJspFile(JspServlet.java:379)
		at org.apache.jasper.servlet.JspServlet.service(JspServlet.java:327)
		at javax.servlet.http.HttpServlet.service(HttpServlet.java:779)
		at org.apache.catalina.core.ApplicationFilterChain.internalDoFilter(ApplicationFilterChain.java:227)
		at org.apache.catalina.core.ApplicationFilterChain.doFilter(ApplicationFilterChain.java:162)
		at org.apache.tomcat.websocket.server.WsFilter.doFilter(WsFilter.java:53)
		at org.apache.catalina.core.ApplicationFilterChain.internalDoFilter(ApplicationFilterChain.java:189)
		at org.apache.catalina.core.ApplicationFilterChain.doFilter(ApplicationFilterChain.java:162)
		at org.apache.catalina.core.ApplicationDispatcher.invoke(ApplicationDispatcher.java:711)
		at org.apache.catalina.core.ApplicationDispatcher.processRequest(ApplicationDispatcher.java:459)
		at org.apache.catalina.core.ApplicationDispatcher.doForward(ApplicationDispatcher.java:385)
		at org.apache.catalina.core.ApplicationDispatcher.forward(ApplicationDispatcher.java:313)
		at quiz.controller.HomeServlet.doGet(HomeServlet.java:31)
		at javax.servlet.http.HttpServlet.service(HttpServlet.java:670)
		at javax.servlet.http.HttpServlet.service(HttpServlet.java:779)
		at org.apache.catalina.core.ApplicationFilterChain.internalDoFilter(ApplicationFilterChain.java:227)
		at org.apache.catalina.core.ApplicationFilterChain.doFilter(ApplicationFilterChain.java:162)
		at org.apache.tomcat.websocket.server.WsFilter.doFilter(WsFilter.java:53)
		at org.apache.catalina.core.ApplicationFilterChain.internalDoFilter(ApplicationFilterChain.java:189)
		at org.apache.catalina.core.ApplicationFilterChain.doFilter(ApplicationFilterChain.java:162)
		at org.apache.catalina.core.StandardWrapperValve.invoke(StandardWrapperValve.java:177)
		at org.apache.catalina.core.StandardContextValve.invoke(StandardContextValve.java:97)
		at org.apache.catalina.authenticator.AuthenticatorBase.invoke(AuthenticatorBase.java:541)
		at org.apache.catalina.core.StandardHostValve.invoke(StandardHostValve.java:135)
		at org.apache.catalina.valves.ErrorReportValve.invoke(ErrorReportValve.java:92)
		at org.apache.catalina.valves.AbstractAccessLogValve.invoke(AbstractAccessLogValve.java:687)
		at org.apache.catalina.core.StandardEngineValve.invoke(StandardEngineValve.java:78)
		at org.apache.catalina.connector.CoyoteAdapter.service(CoyoteAdapter.java:360)
		at org.apache.coyote.http11.Http11Processor.service(Http11Processor.java:399)
		at org.apache.coyote.AbstractProcessorLight.process(AbstractProcessorLight.java:65)
		at org.apache.coyote.AbstractProtocol$ConnectionHandler.process(AbstractProtocol.java:891)
		at org.apache.tomcat.util.net.NioEndpoint$SocketProcessor.doRun(NioEndpoint.java:1784)
		at org.apache.tomcat.util.net.SocketProcessorBase.run(SocketProcessorBase.java:49)
		at org.apache.tomcat.util.threads.ThreadPoolExecutor.runWorker(ThreadPoolExecutor.java:1191)
		at org.apache.tomcat.util.threads.ThreadPoolExecutor$Worker.run(ThreadPoolExecutor.java:659)
		at org.apache.tomcat.util.threads.TaskThread$WrappingRunnable.run(TaskThread.java:61)
		at java.base/java.lang.Thread.run(Thread.java:832)
06-Dec-2023 12:37:01.154 SEVERE [http-nio-8080-exec-9] org.apache.catalina.core.StandardWrapperValve.invoke Servlet.service() for servlet [quiz.controller.HomeServlet] in context with path [/quiz] threw exception [Unable to compile class for JSP: 

An error occurred at line: [17] in the jsp file: [/home.jsp]
Result cannot be resolved to a type
14:     <h2>Past Results</h2>
15:     <ul>
16:         <% 
17:             List<Result> results = (List<Result>) request.getAttribute("results");
18:             for (ResultDTO result : results) {
19:                 out.println("<li>" + result.getQuizName() + " - Score: " + result.getScore() + "</li>");
20:             }


An error occurred at line: [17] in the jsp file: [/home.jsp]
Result cannot be resolved to a type
14:     <h2>Past Results</h2>
15:     <ul>
16:         <% 
17:             List<Result> results = (List<Result>) request.getAttribute("results");
18:             for (ResultDTO result : results) {
19:                 out.println("<li>" + result.getQuizName() + " - Score: " + result.getScore() + "</li>");
20:             }


An error occurred at line: [19] in the jsp file: [/home.jsp]
The method getQuizName() is undefined for the type ResultDTO
16:         <% 
17:             List<Result> results = (List<Result>) request.getAttribute("results");
18:             for (ResultDTO result : results) {
19:                 out.println("<li>" + result.getQuizName() + " - Score: " + result.getScore() + "</li>");
20:             }
21:         %>
22:     </ul>


An error occurred at line: [27] in the jsp file: [/home.jsp]
Quiz cannot be resolved to a type
24:     <h2>Available Quizzes</h2>
25:     <ul>
26:         <% 
27:             List<Quiz> quizzes = (List<Quiz>) request.getAttribute("quizzes");
28:             for (QuizDTO quiz : quizzes) {
29:                 out.println("<li><a href='quiz?id=" + quiz.getId() + "'>" + quiz.getName() + "</a></li>");
30:             }


An error occurred at line: [27] in the jsp file: [/home.jsp]
Quiz cannot be resolved to a type
24:     <h2>Available Quizzes</h2>
25:     <ul>
26:         <% 
27:             List<Quiz> quizzes = (List<Quiz>) request.getAttribute("quizzes");
28:             for (QuizDTO quiz : quizzes) {
29:                 out.println("<li><a href='quiz?id=" + quiz.getId() + "'>" + quiz.getName() + "</a></li>");
30:             }


An error occurred at line: [29] in the jsp file: [/home.jsp]
The method getName() is undefined for the type QuizDTO
26:         <% 
27:             List<Quiz> quizzes = (List<Quiz>) request.getAttribute("quizzes");
28:             for (QuizDTO quiz : quizzes) {
29:                 out.println("<li><a href='quiz?id=" + quiz.getId() + "'>" + quiz.getName() + "</a></li>");
30:             }
31:         %>
32:     </ul>


Stacktrace:] with root cause
	org.apache.jasper.JasperException: Unable to compile class for JSP: 

An error occurred at line: [17] in the jsp file: [/home.jsp]
Result cannot be resolved to a type
14:     <h2>Past Results</h2>
15:     <ul>
16:         <% 
17:             List<Result> results = (List<Result>) request.getAttribute("results");
18:             for (ResultDTO result : results) {
19:                 out.println("<li>" + result.getQuizName() + " - Score: " + result.getScore() + "</li>");
20:             }


An error occurred at line: [17] in the jsp file: [/home.jsp]
Result cannot be resolved to a type
14:     <h2>Past Results</h2>
15:     <ul>
16:         <% 
17:             List<Result> results = (List<Result>) request.getAttribute("results");
18:             for (ResultDTO result : results) {
19:                 out.println("<li>" + result.getQuizName() + " - Score: " + result.getScore() + "</li>");
20:             }


An error occurred at line: [19] in the jsp file: [/home.jsp]
The method getQuizName() is undefined for the type ResultDTO
16:         <% 
17:             List<Result> results = (List<Result>) request.getAttribute("results");
18:             for (ResultDTO result : results) {
19:                 out.println("<li>" + result.getQuizName() + " - Score: " + result.getScore() + "</li>");
20:             }
21:         %>
22:     </ul>


An error occurred at line: [27] in the jsp file: [/home.jsp]
Quiz cannot be resolved to a type
24:     <h2>Available Quizzes</h2>
25:     <ul>
26:         <% 
27:             List<Quiz> quizzes = (List<Quiz>) request.getAttribute("quizzes");
28:             for (QuizDTO quiz : quizzes) {
29:                 out.println("<li><a href='quiz?id=" + quiz.getId() + "'>" + quiz.getName() + "</a></li>");
30:             }


An error occurred at line: [27] in the jsp file: [/home.jsp]
Quiz cannot be resolved to a type
24:     <h2>Available Quizzes</h2>
25:     <ul>
26:         <% 
27:             List<Quiz> quizzes = (List<Quiz>) request.getAttribute("quizzes");
28:             for (QuizDTO quiz : quizzes) {
29:                 out.println("<li><a href='quiz?id=" + quiz.getId() + "'>" + quiz.getName() + "</a></li>");
30:             }


An error occurred at line: [29] in the jsp file: [/home.jsp]
The method getName() is undefined for the type QuizDTO
26:         <% 
27:             List<Quiz> quizzes = (List<Quiz>) request.getAttribute("quizzes");
28:             for (QuizDTO quiz : quizzes) {
29:                 out.println("<li><a href='quiz?id=" + quiz.getId() + "'>" + quiz.getName() + "</a></li>");
30:             }
31:         %>
32:     </ul>


Stacktrace:
		at org.apache.jasper.compiler.DefaultErrorHandler.javacError(DefaultErrorHandler.java:102)
		at org.apache.jasper.compiler.ErrorDispatcher.javacError(ErrorDispatcher.java:213)
		at org.apache.jasper.compiler.JDTCompiler.generateClass(JDTCompiler.java:520)
		at org.apache.jasper.compiler.Compiler.compile(Compiler.java:397)
		at org.apache.jasper.compiler.Compiler.compile(Compiler.java:367)
		at org.apache.jasper.compiler.Compiler.compile(Compiler.java:351)
		at org.apache.jasper.JspCompilationContext.compile(JspCompilationContext.java:605)
		at org.apache.jasper.servlet.JspServletWrapper.service(JspServletWrapper.java:399)
		at org.apache.jasper.servlet.JspServlet.serviceJspFile(JspServlet.java:379)
		at org.apache.jasper.servlet.JspServlet.service(JspServlet.java:327)
		at javax.servlet.http.HttpServlet.service(HttpServlet.java:779)
		at org.apache.catalina.core.ApplicationFilterChain.internalDoFilter(ApplicationFilterChain.java:227)
		at org.apache.catalina.core.ApplicationFilterChain.doFilter(ApplicationFilterChain.java:162)
		at org.apache.tomcat.websocket.server.WsFilter.doFilter(WsFilter.java:53)
		at org.apache.catalina.core.ApplicationFilterChain.internalDoFilter(ApplicationFilterChain.java:189)
		at org.apache.catalina.core.ApplicationFilterChain.doFilter(ApplicationFilterChain.java:162)
		at org.apache.catalina.core.ApplicationDispatcher.invoke(ApplicationDispatcher.java:711)
		at org.apache.catalina.core.ApplicationDispatcher.processRequest(ApplicationDispatcher.java:459)
		at org.apache.catalina.core.ApplicationDispatcher.doForward(ApplicationDispatcher.java:385)
		at org.apache.catalina.core.ApplicationDispatcher.forward(ApplicationDispatcher.java:313)
		at quiz.controller.HomeServlet.doGet(HomeServlet.java:31)
		at javax.servlet.http.HttpServlet.service(HttpServlet.java:670)
		at javax.servlet.http.HttpServlet.service(HttpServlet.java:779)
		at org.apache.catalina.core.ApplicationFilterChain.internalDoFilter(ApplicationFilterChain.java:227)
		at org.apache.catalina.core.ApplicationFilterChain.doFilter(ApplicationFilterChain.java:162)
		at org.apache.tomcat.websocket.server.WsFilter.doFilter(WsFilter.java:53)
		at org.apache.catalina.core.ApplicationFilterChain.internalDoFilter(ApplicationFilterChain.java:189)
		at org.apache.catalina.core.ApplicationFilterChain.doFilter(ApplicationFilterChain.java:162)
		at org.apache.catalina.core.StandardWrapperValve.invoke(StandardWrapperValve.java:177)
		at org.apache.catalina.core.StandardContextValve.invoke(StandardContextValve.java:97)
		at org.apache.catalina.authenticator.AuthenticatorBase.invoke(AuthenticatorBase.java:541)
		at org.apache.catalina.core.StandardHostValve.invoke(StandardHostValve.java:135)
		at org.apache.catalina.valves.ErrorReportValve.invoke(ErrorReportValve.java:92)
		at org.apache.catalina.valves.AbstractAccessLogValve.invoke(AbstractAccessLogValve.java:687)
		at org.apache.catalina.core.StandardEngineValve.invoke(StandardEngineValve.java:78)
		at org.apache.catalina.connector.CoyoteAdapter.service(CoyoteAdapter.java:360)
		at org.apache.coyote.http11.Http11Processor.service(Http11Processor.java:399)
		at org.apache.coyote.AbstractProcessorLight.process(AbstractProcessorLight.java:65)
		at org.apache.coyote.AbstractProtocol$ConnectionHandler.process(AbstractProtocol.java:891)
		at org.apache.tomcat.util.net.NioEndpoint$SocketProcessor.doRun(NioEndpoint.java:1784)
		at org.apache.tomcat.util.net.SocketProcessorBase.run(SocketProcessorBase.java:49)
		at org.apache.tomcat.util.threads.ThreadPoolExecutor.runWorker(ThreadPoolExecutor.java:1191)
		at org.apache.tomcat.util.threads.ThreadPoolExecutor$Worker.run(ThreadPoolExecutor.java:659)
		at org.apache.tomcat.util.threads.TaskThread$WrappingRunnable.run(TaskThread.java:61)
		at java.base/java.lang.Thread.run(Thread.java:832)
06-Dec-2023 12:37:28.046 INFO [main] org.apache.catalina.core.ApplicationContext.log SessionListener: contextDestroyed()
06-Dec-2023 12:37:28.046 INFO [main] org.apache.catalina.core.ApplicationContext.log ContextListener: contextDestroyed()
06-Dec-2023 12:37:33.430 INFO [main] org.apache.catalina.core.ApplicationContext.log ContextListener: contextInitialized()
06-Dec-2023 12:37:33.430 INFO [main] org.apache.catalina.core.ApplicationContext.log SessionListener: contextInitialized()
06-Dec-2023 12:37:33.437 INFO [main] org.apache.catalina.core.ApplicationContext.log ContextListener: attributeAdded('StockTicker', 'async.Stockticker@65aa6596')
06-Dec-2023 12:37:49.859 SEVERE [http-nio-8080-exec-7] org.apache.catalina.core.ApplicationDispatcher.invoke Servlet.service() for servlet [jsp] threw exception
	org.apache.jasper.JasperException: Unable to compile class for JSP: 

An error occurred at line: [19] in the jsp file: [/home.jsp]
The method getQuizName() is undefined for the type ResultDTO
16:         <% 
17:             List<ResultDTO> results = (List<ResultDTO>) request.getAttribute("results");
18:             for (ResultDTO result : results) {
19:                 out.println("<li>" + result.getQuizName() + " - Score: " + result.getScore() + "</li>");
20:             }
21:         %>
22:     </ul>


An error occurred at line: [29] in the jsp file: [/home.jsp]
The method getName() is undefined for the type QuizDTO
26:         <% 
27:             List<QuizDTO> quizzes = (List<QuizDTO>) request.getAttribute("quizzes");
28:             for (QuizDTO quiz : quizzes) {
29:                 out.println("<li><a href='quiz?id=" + quiz.getId() + "'>" + quiz.getName() + "</a></li>");
30:             }
31:         %>
32:     </ul>


Stacktrace:
		at org.apache.jasper.compiler.DefaultErrorHandler.javacError(DefaultErrorHandler.java:102)
		at org.apache.jasper.compiler.ErrorDispatcher.javacError(ErrorDispatcher.java:213)
		at org.apache.jasper.compiler.JDTCompiler.generateClass(JDTCompiler.java:520)
		at org.apache.jasper.compiler.Compiler.compile(Compiler.java:397)
		at org.apache.jasper.compiler.Compiler.compile(Compiler.java:367)
		at org.apache.jasper.compiler.Compiler.compile(Compiler.java:351)
		at org.apache.jasper.JspCompilationContext.compile(JspCompilationContext.java:605)
		at org.apache.jasper.servlet.JspServletWrapper.service(JspServletWrapper.java:399)
		at org.apache.jasper.servlet.JspServlet.serviceJspFile(JspServlet.java:379)
		at org.apache.jasper.servlet.JspServlet.service(JspServlet.java:327)
		at javax.servlet.http.HttpServlet.service(HttpServlet.java:779)
		at org.apache.catalina.core.ApplicationFilterChain.internalDoFilter(ApplicationFilterChain.java:227)
		at org.apache.catalina.core.ApplicationFilterChain.doFilter(ApplicationFilterChain.java:162)
		at org.apache.tomcat.websocket.server.WsFilter.doFilter(WsFilter.java:53)
		at org.apache.catalina.core.ApplicationFilterChain.internalDoFilter(ApplicationFilterChain.java:189)
		at org.apache.catalina.core.ApplicationFilterChain.doFilter(ApplicationFilterChain.java:162)
		at org.apache.catalina.core.ApplicationDispatcher.invoke(ApplicationDispatcher.java:711)
		at org.apache.catalina.core.ApplicationDispatcher.processRequest(ApplicationDispatcher.java:459)
		at org.apache.catalina.core.ApplicationDispatcher.doForward(ApplicationDispatcher.java:385)
		at org.apache.catalina.core.ApplicationDispatcher.forward(ApplicationDispatcher.java:313)
		at quiz.controller.HomeServlet.doGet(HomeServlet.java:31)
		at javax.servlet.http.HttpServlet.service(HttpServlet.java:670)
		at javax.servlet.http.HttpServlet.service(HttpServlet.java:779)
		at org.apache.catalina.core.ApplicationFilterChain.internalDoFilter(ApplicationFilterChain.java:227)
		at org.apache.catalina.core.ApplicationFilterChain.doFilter(ApplicationFilterChain.java:162)
		at org.apache.tomcat.websocket.server.WsFilter.doFilter(WsFilter.java:53)
		at org.apache.catalina.core.ApplicationFilterChain.internalDoFilter(ApplicationFilterChain.java:189)
		at org.apache.catalina.core.ApplicationFilterChain.doFilter(ApplicationFilterChain.java:162)
		at org.apache.catalina.core.StandardWrapperValve.invoke(StandardWrapperValve.java:177)
		at org.apache.catalina.core.StandardContextValve.invoke(StandardContextValve.java:97)
		at org.apache.catalina.authenticator.AuthenticatorBase.invoke(AuthenticatorBase.java:541)
		at org.apache.catalina.core.StandardHostValve.invoke(StandardHostValve.java:135)
		at org.apache.catalina.valves.ErrorReportValve.invoke(ErrorReportValve.java:92)
		at org.apache.catalina.valves.AbstractAccessLogValve.invoke(AbstractAccessLogValve.java:687)
		at org.apache.catalina.core.StandardEngineValve.invoke(StandardEngineValve.java:78)
		at org.apache.catalina.connector.CoyoteAdapter.service(CoyoteAdapter.java:360)
		at org.apache.coyote.http11.Http11Processor.service(Http11Processor.java:399)
		at org.apache.coyote.AbstractProcessorLight.process(AbstractProcessorLight.java:65)
		at org.apache.coyote.AbstractProtocol$ConnectionHandler.process(AbstractProtocol.java:891)
		at org.apache.tomcat.util.net.NioEndpoint$SocketProcessor.doRun(NioEndpoint.java:1784)
		at org.apache.tomcat.util.net.SocketProcessorBase.run(SocketProcessorBase.java:49)
		at org.apache.tomcat.util.threads.ThreadPoolExecutor.runWorker(ThreadPoolExecutor.java:1191)
		at org.apache.tomcat.util.threads.ThreadPoolExecutor$Worker.run(ThreadPoolExecutor.java:659)
		at org.apache.tomcat.util.threads.TaskThread$WrappingRunnable.run(TaskThread.java:61)
		at java.base/java.lang.Thread.run(Thread.java:832)
06-Dec-2023 12:37:49.860 SEVERE [http-nio-8080-exec-7] org.apache.catalina.core.StandardWrapperValve.invoke Servlet.service() for servlet [quiz.controller.HomeServlet] in context with path [/quiz] threw exception [Unable to compile class for JSP: 

An error occurred at line: [19] in the jsp file: [/home.jsp]
The method getQuizName() is undefined for the type ResultDTO
16:         <% 
17:             List<ResultDTO> results = (List<ResultDTO>) request.getAttribute("results");
18:             for (ResultDTO result : results) {
19:                 out.println("<li>" + result.getQuizName() + " - Score: " + result.getScore() + "</li>");
20:             }
21:         %>
22:     </ul>


An error occurred at line: [29] in the jsp file: [/home.jsp]
The method getName() is undefined for the type QuizDTO
26:         <% 
27:             List<QuizDTO> quizzes = (List<QuizDTO>) request.getAttribute("quizzes");
28:             for (QuizDTO quiz : quizzes) {
29:                 out.println("<li><a href='quiz?id=" + quiz.getId() + "'>" + quiz.getName() + "</a></li>");
30:             }
31:         %>
32:     </ul>


Stacktrace:] with root cause
	org.apache.jasper.JasperException: Unable to compile class for JSP: 

An error occurred at line: [19] in the jsp file: [/home.jsp]
The method getQuizName() is undefined for the type ResultDTO
16:         <% 
17:             List<ResultDTO> results = (List<ResultDTO>) request.getAttribute("results");
18:             for (ResultDTO result : results) {
19:                 out.println("<li>" + result.getQuizName() + " - Score: " + result.getScore() + "</li>");
20:             }
21:         %>
22:     </ul>


An error occurred at line: [29] in the jsp file: [/home.jsp]
The method getName() is undefined for the type QuizDTO
26:         <% 
27:             List<QuizDTO> quizzes = (List<QuizDTO>) request.getAttribute("quizzes");
28:             for (QuizDTO quiz : quizzes) {
29:                 out.println("<li><a href='quiz?id=" + quiz.getId() + "'>" + quiz.getName() + "</a></li>");
30:             }
31:         %>
32:     </ul>


Stacktrace:
		at org.apache.jasper.compiler.DefaultErrorHandler.javacError(DefaultErrorHandler.java:102)
		at org.apache.jasper.compiler.ErrorDispatcher.javacError(ErrorDispatcher.java:213)
		at org.apache.jasper.compiler.JDTCompiler.generateClass(JDTCompiler.java:520)
		at org.apache.jasper.compiler.Compiler.compile(Compiler.java:397)
		at org.apache.jasper.compiler.Compiler.compile(Compiler.java:367)
		at org.apache.jasper.compiler.Compiler.compile(Compiler.java:351)
		at org.apache.jasper.JspCompilationContext.compile(JspCompilationContext.java:605)
		at org.apache.jasper.servlet.JspServletWrapper.service(JspServletWrapper.java:399)
		at org.apache.jasper.servlet.JspServlet.serviceJspFile(JspServlet.java:379)
		at org.apache.jasper.servlet.JspServlet.service(JspServlet.java:327)
		at javax.servlet.http.HttpServlet.service(HttpServlet.java:779)
		at org.apache.catalina.core.ApplicationFilterChain.internalDoFilter(ApplicationFilterChain.java:227)
		at org.apache.catalina.core.ApplicationFilterChain.doFilter(ApplicationFilterChain.java:162)
		at org.apache.tomcat.websocket.server.WsFilter.doFilter(WsFilter.java:53)
		at org.apache.catalina.core.ApplicationFilterChain.internalDoFilter(ApplicationFilterChain.java:189)
		at org.apache.catalina.core.ApplicationFilterChain.doFilter(ApplicationFilterChain.java:162)
		at org.apache.catalina.core.ApplicationDispatcher.invoke(ApplicationDispatcher.java:711)
		at org.apache.catalina.core.ApplicationDispatcher.processRequest(ApplicationDispatcher.java:459)
		at org.apache.catalina.core.ApplicationDispatcher.doForward(ApplicationDispatcher.java:385)
		at org.apache.catalina.core.ApplicationDispatcher.forward(ApplicationDispatcher.java:313)
		at quiz.controller.HomeServlet.doGet(HomeServlet.java:31)
		at javax.servlet.http.HttpServlet.service(HttpServlet.java:670)
		at javax.servlet.http.HttpServlet.service(HttpServlet.java:779)
		at org.apache.catalina.core.ApplicationFilterChain.internalDoFilter(ApplicationFilterChain.java:227)
		at org.apache.catalina.core.ApplicationFilterChain.doFilter(ApplicationFilterChain.java:162)
		at org.apache.tomcat.websocket.server.WsFilter.doFilter(WsFilter.java:53)
		at org.apache.catalina.core.ApplicationFilterChain.internalDoFilter(ApplicationFilterChain.java:189)
		at org.apache.catalina.core.ApplicationFilterChain.doFilter(ApplicationFilterChain.java:162)
		at org.apache.catalina.core.StandardWrapperValve.invoke(StandardWrapperValve.java:177)
		at org.apache.catalina.core.StandardContextValve.invoke(StandardContextValve.java:97)
		at org.apache.catalina.authenticator.AuthenticatorBase.invoke(AuthenticatorBase.java:541)
		at org.apache.catalina.core.StandardHostValve.invoke(StandardHostValve.java:135)
		at org.apache.catalina.valves.ErrorReportValve.invoke(ErrorReportValve.java:92)
		at org.apache.catalina.valves.AbstractAccessLogValve.invoke(AbstractAccessLogValve.java:687)
		at org.apache.catalina.core.StandardEngineValve.invoke(StandardEngineValve.java:78)
		at org.apache.catalina.connector.CoyoteAdapter.service(CoyoteAdapter.java:360)
		at org.apache.coyote.http11.Http11Processor.service(Http11Processor.java:399)
		at org.apache.coyote.AbstractProcessorLight.process(AbstractProcessorLight.java:65)
		at org.apache.coyote.AbstractProtocol$ConnectionHandler.process(AbstractProtocol.java:891)
		at org.apache.tomcat.util.net.NioEndpoint$SocketProcessor.doRun(NioEndpoint.java:1784)
		at org.apache.tomcat.util.net.SocketProcessorBase.run(SocketProcessorBase.java:49)
		at org.apache.tomcat.util.threads.ThreadPoolExecutor.runWorker(ThreadPoolExecutor.java:1191)
		at org.apache.tomcat.util.threads.ThreadPoolExecutor$Worker.run(ThreadPoolExecutor.java:659)
		at org.apache.tomcat.util.threads.TaskThread$WrappingRunnable.run(TaskThread.java:61)
		at java.base/java.lang.Thread.run(Thread.java:832)
06-Dec-2023 12:40:38.692 INFO [main] org.apache.catalina.core.ApplicationContext.log SessionListener: contextDestroyed()
06-Dec-2023 12:40:38.693 INFO [main] org.apache.catalina.core.ApplicationContext.log ContextListener: contextDestroyed()
06-Dec-2023 12:40:43.798 INFO [main] org.apache.catalina.core.ApplicationContext.log ContextListener: contextInitialized()
06-Dec-2023 12:40:43.798 INFO [main] org.apache.catalina.core.ApplicationContext.log SessionListener: contextInitialized()
06-Dec-2023 12:40:43.801 INFO [main] org.apache.catalina.core.ApplicationContext.log ContextListener: attributeAdded('StockTicker', 'async.Stockticker@f27ea3')
06-Dec-2023 12:41:38.531 INFO [main] org.apache.catalina.core.ApplicationContext.log SessionListener: contextDestroyed()
06-Dec-2023 12:41:38.531 INFO [main] org.apache.catalina.core.ApplicationContext.log ContextListener: contextDestroyed()
06-Dec-2023 12:41:43.753 INFO [main] org.apache.catalina.core.ApplicationContext.log ContextListener: contextInitialized()
06-Dec-2023 12:41:43.753 INFO [main] org.apache.catalina.core.ApplicationContext.log SessionListener: contextInitialized()
06-Dec-2023 12:41:43.756 INFO [main] org.apache.catalina.core.ApplicationContext.log ContextListener: attributeAdded('StockTicker', 'async.Stockticker@f27ea3')
06-Dec-2023 13:19:47.456 SEVERE [http-nio-8080-exec-7] org.apache.catalina.core.StandardWrapperValve.invoke Servlet.service() for servlet [quiz.controller.LoginServlet] in context with path [/quiz] threw exception
	java.lang.IllegalStateException: Cannot forward after response has been committed
		at org.apache.catalina.core.ApplicationDispatcher.doForward(ApplicationDispatcher.java:324)
		at org.apache.catalina.core.ApplicationDispatcher.forward(ApplicationDispatcher.java:313)
		at quiz.controller.LoginServlet.doPost(LoginServlet.java:49)
		at javax.servlet.http.HttpServlet.service(HttpServlet.java:696)
		at javax.servlet.http.HttpServlet.service(HttpServlet.java:779)
		at org.apache.catalina.core.ApplicationFilterChain.internalDoFilter(ApplicationFilterChain.java:227)
		at org.apache.catalina.core.ApplicationFilterChain.doFilter(ApplicationFilterChain.java:162)
		at org.apache.tomcat.websocket.server.WsFilter.doFilter(WsFilter.java:53)
		at org.apache.catalina.core.ApplicationFilterChain.internalDoFilter(ApplicationFilterChain.java:189)
		at org.apache.catalina.core.ApplicationFilterChain.doFilter(ApplicationFilterChain.java:162)
		at org.apache.catalina.core.StandardWrapperValve.invoke(StandardWrapperValve.java:177)
		at org.apache.catalina.core.StandardContextValve.invoke(StandardContextValve.java:97)
		at org.apache.catalina.authenticator.AuthenticatorBase.invoke(AuthenticatorBase.java:541)
		at org.apache.catalina.core.StandardHostValve.invoke(StandardHostValve.java:135)
		at org.apache.catalina.valves.ErrorReportValve.invoke(ErrorReportValve.java:92)
		at org.apache.catalina.valves.AbstractAccessLogValve.invoke(AbstractAccessLogValve.java:687)
		at org.apache.catalina.core.StandardEngineValve.invoke(StandardEngineValve.java:78)
		at org.apache.catalina.connector.CoyoteAdapter.service(CoyoteAdapter.java:360)
		at org.apache.coyote.http11.Http11Processor.service(Http11Processor.java:399)
		at org.apache.coyote.AbstractProcessorLight.process(AbstractProcessorLight.java:65)
		at org.apache.coyote.AbstractProtocol$ConnectionHandler.process(AbstractProtocol.java:891)
		at org.apache.tomcat.util.net.NioEndpoint$SocketProcessor.doRun(NioEndpoint.java:1784)
		at org.apache.tomcat.util.net.SocketProcessorBase.run(SocketProcessorBase.java:49)
		at org.apache.tomcat.util.threads.ThreadPoolExecutor.runWorker(ThreadPoolExecutor.java:1191)
		at org.apache.tomcat.util.threads.ThreadPoolExecutor$Worker.run(ThreadPoolExecutor.java:659)
		at org.apache.tomcat.util.threads.TaskThread$WrappingRunnable.run(TaskThread.java:61)
		at java.base/java.lang.Thread.run(Thread.java:832)
